1.967

△禁卡表改动
美妙的盛装游行不再是准限制卡
似鸟似虎的封兽不再是准限制卡

●似鸟似虎的封兽
融合召唤的怪兽攻击力下降1000 → 攻击力·守备力下降800
●毒符『甜蜜毒素』
效果直到对方的第2次EP时 → 直到下次对方的EP时
●反魂蝶 -八分咲-
自己失去4000基本分 → 双方失去4000基本分
●莱拉·普莉兹姆利巴
基础除外数量1·3 → 基础除外数量2·4
●红魔-蕾米莉亚·斯卡雷特
在场上只有1次不会被破坏 → 1回合1次不会被破坏
●红魔-芙兰朵露·斯卡雷特
在场上只有1次不会被破坏 → 1回合1次不会被破坏
●豊作「谷物神之约定」
取消了结束阶段时的自坏
●旧地狱街道 -废狱-
除外条件攻击力2600以上 → 攻击力2300以上
●光符「正义的威光」
送墓「✿」怪兽或「命莲」卡 → 送墓「✿」怪兽和「命莲」卡各1张
●竹林的狼人✿今泉影狼
取消了其它怪兽不能攻击的效果
●古神灵✿刀自古郎女
从手卡把特定怪兽仪式召唤→从手卡·墓地把特定怪兽仪式召唤
●光符『无限条光芒』
现在不再要求自己基本分比对方低
●梦幻馆 湖上的吸血鬼✿胡桃
时→场合
●Good Apple??
效果1等级下降2星→等级变成4星
●樱之恋冢『梦幻馆的开花』
改了很多自己看！
●七曜-土符「慵懒巨石」
守备力上升500→上升700
●七曜-土水符「诺亚的大洪水」
效果范围改为水属性·魔法使族以外的怪兽
●七曜-日月符「皇家钻戒」
现在日效果额外会把其它怪兽的攻击力变成一半
●逆向使魔契约
增加一个墓地发动的效果


1.967a&b

修复若干buge（辉夜字段、刀自古不能拉自己、辉夜效果的重置失效问题）
●永远与须臾的月兔✿蓬莱山辉夜
从场上送墓触发苏生→从场上被破坏送墓触发
●简易光融合『赞美太阳』
现在不能特殊召唤调整怪兽


1.967c

修复若干bug（辉夜效果只有1次、明净翼之恶灵✿魅魔破坏2次、2个本地回档bug）


tmp_version

修复若干bug：
明净翼之恶灵✿魅魔 ①效果没有破坏也能上升攻击力
知识与避世的月兔✿帕秋莉 ②效果只能只能防止1次


1.968

修复【梦幻馆的调停者✿艾丽】攻守与卡图不符
修复若干BAGE*（元祖吸血少女、美取、午时已到、天空的花之都）
修复猪壳令buge（不回就抽 手卡发动就不回）
 
●藤原『灭罪寺院伤』
「蓬莱」卡 → 「妹红」怪兽
●虚人『无』
从卡组·墓地特殊召唤 → 从墓地


1.968a

修复5个buge
 
●烧不死的人类✿藤原妹红
②效果改动
●红之自警队✿藤原妹红
②效果不能成为效果对象现在改为不能成为对方效果对象
●狂战士之血
效果改动
●苏生
增加2个效果
●炎灵术「伤」
②效果现在送去墓地的回合就能发动
●青色之焰✿藤原妹红
②效果条件改动
●炼狱不死鸟✿藤原妹红
第二超量条件从3只妹红改为2只
③效果现在在对方回合也能发动


1.969

修复【蓬莱「凯风快晴」】效果不正确的bug
修复若干J卡
 
▲秋符「秋之疾风」现在是准限制卡
 
●永夜返 -丑之刻-
取消了不能攻击的debuff
●永夜返 -寅之刻-
取消了不能攻击的debuff
●心的轮盘
②效果现在在送去墓地回合不能发动
●梦✿卡娜
对象条件调整
●瘴气『原因不明的热病』
攻击力上升300→下降300
●神光『无忤为宗』
发动条件减少，效果数量从2张改为1张
●红之自警队✿藤原妹红
攻击力2000→2300
●烧不死的人类✿藤原妹红
攻击力1900→2100
①效果的伤害系数×200→×300
●人类地狱火✿藤原妹红
②效果的基础下降数值从100提升为200
●炼狱不死鸟✿藤原妹红
②效果改为取除2个素材，从卡组和对方场上各选1只破坏


1.969.1

修复辉夜们过了保质期依然能诈的bug
修复【最强人类✿冈崎梦美】的一万个bug
修复【满月的竹之凤✿藤原妹红】效果没有回合限制的bug
修正【剑式制冰器】的描述问题
修正【炼狱不死鸟】的描述问题
●苏生
①②效果现在也限制1回合1次（实际效果本来就是限制的 我也想不限但是太麻烦了）


1.969.1.a

●炎灵术「伤」
现在发动后的回合内对方受到的全部伤害变成一半
●山彦「扩大回音」
每回只能发1张 → ①②效果每回合各1次
①效果现在不能在自己回合时发动
●幼小的恶魔之眼
取消了对方场上卡片比自己多才能发动的限制


1.970

●Grimoire of Alice
效果微调
●雹之人形使✿爱丽丝
现在双方抽卡的效果需要超量素材中有光暗属性


1.970a

修复许多bug
 
●魔界门番✿沙罗
暗属性→地属性
●魔界之晖光创造✿神绮
天使族→魔法使族
●天魔界的魔法使✿雪
①效果的启动式特殊召唤改为不入连锁特殊召唤
●天魔界的魔法使✿舞
①效果的启动式特殊召唤改为不入连锁特殊召唤
②效果现在需要除外2张才能发动
●✿不可思议国度的爱丽丝✿
描述修正为符合效果（②效果具有1回合1次）
●天魔界✿梦子
基础攻击力2900→3000
①效果的不受对方影响现在改为不受双方影响
②效果的降低攻击力从700改为1000
●魔界~Devils World
增加1个效果：以自己场上任意只「魔界」怪兽为对象才能发动。那些怪兽等级下降1星。


1.970b

修复若干bug：
【绯想✿比那名居天子】与【天启气象之剑】现在只能宣言天候卡
【绯想✿比那名居天子】现在当不能盖放卡的场合不能发动效果宣言天候
【风神少女✿蕾米莉亚·斯卡雷特】修复typo红字
【天空的花之都】修复不防破的bug
【无意识的破坏冲动】修复一些梦遗bug
【暗影翼之魔法使✿雾雨魔理沙】修复连锁限制bug
【梦幻馆的可爱恶魔✿幻月】修复②效果bug
【极光之启翼魔神✿神绮】修复
【幽光之草莓十字】修复抽卡相关的bug
【狂战士之血】修复5%
【河童便利屋】描述修正
【河童大瀑布】描述修正
【天候-苍天】修复②效果处理时被离场效果仍然生效的bug
【天候-昙天】修复②效果减少祭品的次数限制bug，并且此效果不再适用于盖放怪兽
【奇异的仙人✿茨木华扇】修复M2可以跳的bug
【茨华仙邸】修复可以以里侧除外为对象的bug *
【茨华仙兽✿雷兽】修复可以以里侧除外为对象的bug *
【魔界双子魔法使✿雪&舞】修复出场成功可以被连锁的bug
【光符『天照』】修复自身没有攻击力的bug
【暗能之草莓十字】修复②效果，现在除外真的是cost
【发射，比星光更快！】修复会射爆对方手卡的bug
【山上的新人神明✿东风谷早苗】修复自己满场不能跳的bug
【爆裂之草莓十字】修复自己怪兽发动效果时可以发动的bug
【红魔-芙兰朵露·斯卡雷特】【红魔-蕾米莉亚·斯卡雷特】部分描述修正优化
【苍天的庭师✿比那名居天子】部分描述修正优化
【融☢合】修复同名卡源不是「融合」的bug
【纯粹的复仇神灵✿纯狐】修复①效果不完全取对象的bug
